app/build/outputs/logs/manifest-merger-debug-report.txt
-- Merging decision tree log ---
manifest
ADDED from TTSModeTest/app/AndroidManifest.xml:2:1-65:12
INJECTED from TTSModeTest/app/AndroidManifest.xml:2:1-65:12
INJECTED from TTSModeTest/app/AndroidManifest.xml:2:1-65:12
INJECTED from TTSModeTest/app/AndroidManifest.xml:2:1-65:12
MERGED from [androidx.appcompat:appcompat:1.0.2] AndroidManifest.xml:17:1-22:12
MERGED from [androidx.constraintlayout:constraintlayout:1.1.3] AndroidManifest.xml:2:1-11:12
MERGED from [androidx.fragment:fragment:1.0.0] AndroidManifest.xml:17:1-22:12
MERGED from [androidx.vectordrawable:vectordrawable-animated:1.0.0] AndroidManifest.xml:17:1-22:12
MERGED from [androidx.legacy:legacy-support-core-ui:1.0.0] AndroidManifest.xml:17:1-22:12
MERGED from [androidx.legacy:legacy-support-core-utils:1.0.0] AndroidManifest.xml:17:1-22:12
MERGED from [androidx.vectordrawable:vectordrawable:1.0.1] AndroidManifest.xml:17:1-22:12
MERGED from [androidx.loader:loader:1.0.0] AndroidManifest.xml:17:1-22:12
MERGED from [androidx.viewpager:viewpager:1.0.0] AndroidManifest.xml:17:1-22:12
MERGED from [androidx.coordinatorlayout:coordinatorlayout:1.0.0] AndroidManifest.xml:17:1-22:12
MERGED from [androidx.drawerlayout:drawerlayout:1.0.0] AndroidManifest.xml:17:1-22:12
MERGED from [androidx.slidingpanelayout:slidingpanelayout:1.0.0] AndroidManifest.xml:17:1-22:12
MERGED from [androidx.customview:customview:1.0.0] AndroidManifest.xml:17:1-22:12
MERGED from [androidx.swiperefreshlayout:swiperefreshlayout:1.0.0] AndroidManifest.xml:17:1-22:12
MERGED from [androidx.asynclayoutinflater:asynclayoutinflater:1.0.0] AndroidManifest.xml:17:1-22:12
MERGED from [androidx.core:core:1.0.1] AndroidManifest.xml:17:1-24:12
MERGED from [androidx.versionedparcelable:versionedparcelable:1.0.0] AndroidManifest.xml:17:1-25:12
MERGED from [androidx.cursoradapter:cursoradapter:1.0.0] AndroidManifest.xml:17:1-22:12
MERGED from [androidx.lifecycle:lifecycle-runtime:2.0.0] AndroidManifest.xml:17:1-22:12
MERGED from [androidx.documentfile:documentfile:1.0.0] AndroidManifest.xml:17:1-22:12
MERGED from [androidx.localbroadcastmanager:localbroadcastmanager:1.0.0] AndroidManifest.xml:17:1-22:12
MERGED from [androidx.print:print:1.0.0] AndroidManifest.xml:17:1-22:12
MERGED from [androidx.lifecycle:lifecycle-viewmodel:2.0.0] AndroidManifest.xml:17:1-22:12
MERGED from [androidx.lifecycle:lifecycle-livedata:2.0.0] AndroidManifest.xml:17:1-22:12
MERGED from [androidx.lifecycle:lifecycle-livedata-core:2.0.0] AndroidManifest.xml:17:1-22:12
MERGED from [androidx.arch.core:core-runtime:2.0.0] AndroidManifest.xml:17:1-22:12
MERGED from [androidx.interpolator:interpolator:1.0.0] AndroidManifest.xml:17:1-22:12
INJECTED from TTSModeTest/app/AndroidManifest.xml:2:1-65:12
INJECTED from TTSModeTest/app/AndroidManifest.xml:2:1-65:12
INJECTED from TTSModeTest/app/AndroidManifest.xml:2:1-65:12
	package
		ADDED from TTSModeTest/app/AndroidManifest.xml:3:5-34
		INJECTED from TTSModeTest/app/AndroidManifest.xml
		INJECTED from TTSModeTest/app/AndroidManifest.xml
	android:sharedUserId
		ADDED from TTSModeTest/app/AndroidManifest.xml:4:5-46
	android:versionName
		INJECTED from TTSModeTest/app/AndroidManifest.xml
		ADDED from TTSModeTest/app/AndroidManifest.xml:2:1-65:12
		INJECTED from TTSModeTest/app/AndroidManifest.xml
	android:versionCode
		INJECTED from TTSModeTest/app/AndroidManifest.xml
		ADDED from TTSModeTest/app/AndroidManifest.xml:2:1-65:12
		INJECTED from TTSModeTest/app/AndroidManifest.xml
	xmlns:android
		ADDED from TTSModeTest/app/AndroidManifest.xml:2:11-69
uses-permission#android.permission.BROADCAST_STICKY
ADDED from TTSModeTest/app/AndroidManifest.xml:6:5-75
	android:name
		ADDED from TTSModeTest/app/AndroidManifest.xml:6:22-72
uses-permission#android.permission.INTERACT_ACROSS_USERS
ADDED from TTSModeTest/app/AndroidManifest.xml:7:5-80
	android:name
		ADDED from TTSModeTest/app/AndroidManifest.xml:7:22-77
uses-permission#android.permission.WRITE_SETTINGS
ADDED from TTSModeTest/app/AndroidManifest.xml:8:5-73
	android:name
		ADDED from TTSModeTest/app/AndroidManifest.xml:8:22-70
uses-permission#android.permission.READ_SETTINGS
ADDED from TTSModeTest/app/AndroidManifest.xml:9:5-72
	android:name
		ADDED from TTSModeTest/app/AndroidManifest.xml:9:22-69
uses-permission#android.permission.WRITE_EXTERNAL_STORAGE
ADDED from TTSModeTest/app/AndroidManifest.xml:10:5-81
	android:name
		ADDED from TTSModeTest/app/AndroidManifest.xml:10:22-78
uses-permission#android.permission.CALL_PHONE
ADDED from TTSModeTest/app/AndroidManifest.xml:11:5-69
	android:name
		ADDED from TTSModeTest/app/AndroidManifest.xml:11:22-66
uses-permission#android.permission.CAMERA
ADDED from TTSModeTest/app/AndroidManifest.xml:12:5-65
	android:name
		ADDED from TTSModeTest/app/AndroidManifest.xml:12:22-62
uses-permission#android.permission.ACCESS_WIFI_STATE
ADDED from TTSModeTest/app/AndroidManifest.xml:13:5-76
	android:name
		ADDED from TTSModeTest/app/AndroidManifest.xml:13:22-73
uses-permission#android.permission.CHANGE_WIFI_STATE
ADDED from TTSModeTest/app/AndroidManifest.xml:14:5-76
	android:name
		ADDED from TTSModeTest/app/AndroidManifest.xml:14:22-73
uses-permission#android.permission.MODIFY_PHONE_STATE
ADDED from TTSModeTest/app/AndroidManifest.xml:15:5-77
	android:name
		ADDED from TTSModeTest/app/AndroidManifest.xml:15:22-74
uses-permission#android.permission.DIAGNOSTIC
ADDED from TTSModeTest/app/AndroidManifest.xml:16:5-69
	android:name
		ADDED from TTSModeTest/app/AndroidManifest.xml:16:22-66
uses-permission#android.permission.HARDWARE_TEST
ADDED from TTSModeTest/app/AndroidManifest.xml:17:5-72
	android:name
		ADDED from TTSModeTest/app/AndroidManifest.xml:17:22-69
uses-permission#android.permission.INTERNET
ADDED from TTSModeTest/app/AndroidManifest.xml:18:5-67
	android:name
		ADDED from TTSModeTest/app/AndroidManifest.xml:18:22-64
uses-permission#android.permission.ACCESS_BLUETOOTH_SHARE
ADDED from TTSModeTest/app/AndroidManifest.xml:19:5-81
	android:name
		ADDED from TTSModeTest/app/AndroidManifest.xml:19:22-78
uses-permission#android.permission.BLUETOOTH
ADDED from TTSModeTest/app/AndroidManifest.xml:20:5-68
	android:name
		ADDED from TTSModeTest/app/AndroidManifest.xml:20:22-65
uses-permission#android.permission.BLUETOOTH_ADMIN
ADDED from TTSModeTest/app/AndroidManifest.xml:21:5-74
	android:name
		ADDED from TTSModeTest/app/AndroidManifest.xml:21:22-71
uses-permission#android.permission.CHANGE_NETWORK_STATE
ADDED from TTSModeTest/app/AndroidManifest.xml:22:5-79
	android:name
		ADDED from TTSModeTest/app/AndroidManifest.xml:22:22-76
uses-permission#android.permission.ACCESS_FINE_LOCATION
ADDED from TTSModeTest/app/AndroidManifest.xml:23:5-79
	android:name
		ADDED from TTSModeTest/app/AndroidManifest.xml:23:22-76
uses-permission#android.permission.ACCESS_MOCK_LOCATION
ADDED from TTSModeTest/app/AndroidManifest.xml:24:5-79
	android:name
		ADDED from TTSModeTest/app/AndroidManifest.xml:24:22-76
uses-permission#android.permission.UPDATE_DEVICE_STATS
ADDED from TTSModeTest/app/AndroidManifest.xml:25:5-78
	android:name
		ADDED from TTSModeTest/app/AndroidManifest.xml:25:22-75
uses-permission#android.permission.MODIFY_AUDIO_SETTINGS
ADDED from TTSModeTest/app/AndroidManifest.xml:26:5-80
	android:name
		ADDED from TTSModeTest/app/AndroidManifest.xml:26:22-77
uses-permission#android.permission.RESTART_PACKAGES
ADDED from TTSModeTest/app/AndroidManifest.xml:27:5-75
	android:name
		ADDED from TTSModeTest/app/AndroidManifest.xml:27:22-72
uses-permission#android.permission.ACCESS_COARSE_LOCATION
ADDED from TTSModeTest/app/AndroidManifest.xml:28:5-81
	android:name
		ADDED from TTSModeTest/app/AndroidManifest.xml:28:22-78
uses-permission#android.permission.RECORD_AUDIO
ADDED from TTSModeTest/app/AndroidManifest.xml:29:5-71
	android:name
		ADDED from TTSModeTest/app/AndroidManifest.xml:29:22-68
uses-permission#android.permission.VIBRATE
ADDED from TTSModeTest/app/AndroidManifest.xml:30:5-66
	android:name
		ADDED from TTSModeTest/app/AndroidManifest.xml:30:22-63
uses-permission#android.permission.WRITE_SECURE_SETTINGS
ADDED from TTSModeTest/app/AndroidManifest.xml:31:5-80
	android:name
		ADDED from TTSModeTest/app/AndroidManifest.xml:31:22-77
uses-permission#android.permission.FLASHLIGHT
ADDED from TTSModeTest/app/AndroidManifest.xml:32:5-69
	android:name
		ADDED from TTSModeTest/app/AndroidManifest.xml:32:22-66
uses-permission#android.permission.DISABLE_KEYGUARD
ADDED from TTSModeTest/app/AndroidManifest.xml:33:5-75
	android:name
		ADDED from TTSModeTest/app/AndroidManifest.xml:33:22-72
uses-permission#android.permission.WAKE_LOCK
ADDED from TTSModeTest/app/AndroidManifest.xml:34:5-68
	android:name
		ADDED from TTSModeTest/app/AndroidManifest.xml:34:22-65
uses-permission#android.permission.ACCESS_MTK_MMHW
ADDED from TTSModeTest/app/AndroidManifest.xml:36:5-74
	android:name
		ADDED from TTSModeTest/app/AndroidManifest.xml:36:22-71
uses-permission#android.permission.READ_PHONE_STATE
ADDED from TTSModeTest/app/AndroidManifest.xml:37:5-75
	android:name
		ADDED from TTSModeTest/app/AndroidManifest.xml:37:22-72
application
ADDED from TTSModeTest/app/AndroidManifest.xml:39:5-63:19
MERGED from [androidx.constraintlayout:constraintlayout:1.1.3] AndroidManifest.xml:9:5-20
MERGED from [androidx.constraintlayout:constraintlayout:1.1.3] AndroidManifest.xml:9:5-20
MERGED from [androidx.core:core:1.0.1] AndroidManifest.xml:22:5-89
MERGED from [androidx.core:core:1.0.1] AndroidManifest.xml:22:5-89
MERGED from [androidx.versionedparcelable:versionedparcelable:1.0.0] AndroidManifest.xml:22:5-23:19
MERGED from [androidx.versionedparcelable:versionedparcelable:1.0.0] AndroidManifest.xml:22:5-23:19
	android:appComponentFactory
		ADDED from [androidx.core:core:1.0.1] AndroidManifest.xml:22:18-86
	android:supportsRtl
		ADDED from TTSModeTest/app/AndroidManifest.xml:44:9-35
	android:label
		ADDED from TTSModeTest/app/AndroidManifest.xml:42:9-41
	android:roundIcon
		ADDED from TTSModeTest/app/AndroidManifest.xml:43:9-54
	android:icon
		ADDED from TTSModeTest/app/AndroidManifest.xml:41:9-43
	android:allowBackup
		ADDED from TTSModeTest/app/AndroidManifest.xml:40:9-35
	android:theme
		ADDED from TTSModeTest/app/AndroidManifest.xml:45:9-40
activity#com.android.factory.horn.HornActivity
ADDED from TTSModeTest/app/AndroidManifest.xml:46:9-64
	android:name
		ADDED from TTSModeTest/app/AndroidManifest.xml:46:19-52
activity#com.android.factory.mic.MicPhoneActivity
ADDED from TTSModeTest/app/AndroidManifest.xml:47:9-58
	android:name
		ADDED from TTSModeTest/app/AndroidManifest.xml:47:19-55
activity#com.android.factory.headset.HeadSetActivity
ADDED from TTSModeTest/app/AndroidManifest.xml:48:9-61
	android:name
		ADDED from TTSModeTest/app/AndroidManifest.xml:48:19-58
activity#com.android.factory.knob.KnobActivity
ADDED from TTSModeTest/app/AndroidManifest.xml:49:9-55
	android:name
		ADDED from TTSModeTest/app/AndroidManifest.xml:49:19-52
activity#com.android.factory.led.LEDActivity
ADDED from TTSModeTest/app/AndroidManifest.xml:50:9-53
	android:name
		ADDED from TTSModeTest/app/AndroidManifest.xml:50:19-50
activity#com.android.factory.imei.IMEIActivity
ADDED from TTSModeTest/app/AndroidManifest.xml:51:9-55
	android:name
		ADDED from TTSModeTest/app/AndroidManifest.xml:51:19-52
activity#com.android.factory.device.DeviceVersionActivity
ADDED from TTSModeTest/app/AndroidManifest.xml:52:9-66
	android:name
		ADDED from TTSModeTest/app/AndroidManifest.xml:52:19-63
activity#com.android.factory.keycode.KeyCodeActivity
ADDED from TTSModeTest/app/AndroidManifest.xml:53:9-61
	android:name
		ADDED from TTSModeTest/app/AndroidManifest.xml:53:19-58
activity#com.android.factory.MainActivity
ADDED from TTSModeTest/app/AndroidManifest.xml:54:9-59:20
	android:name
		ADDED from TTSModeTest/app/AndroidManifest.xml:54:19-47
intent-filter#action:name:android.intent.action.MAIN
ADDED from TTSModeTest/app/AndroidManifest.xml:55:13-58:29
action#android.intent.action.MAIN
ADDED from TTSModeTest/app/AndroidManifest.xml:56:17-69
	android:name
		ADDED from TTSModeTest/app/AndroidManifest.xml:56:25-66
activity#com.android.factory.usb.USBActivity
ADDED from TTSModeTest/app/AndroidManifest.xml:60:9-53
	android:name
		ADDED from TTSModeTest/app/AndroidManifest.xml:60:19-50
activity#com.android.factory.android.SystemExtraActivity
ADDED from TTSModeTest/app/AndroidManifest.xml:61:9-65
	android:name
		ADDED from TTSModeTest/app/AndroidManifest.xml:61:19-62
activity#com.android.factory.reset.ResetActivity
ADDED from TTSModeTest/app/AndroidManifest.xml:62:9-57
	android:name
		ADDED from TTSModeTest/app/AndroidManifest.xml:62:19-54
uses-sdk
INJECTED from TTSModeTest/app/AndroidManifest.xml reason: use-sdk injection requested
INJECTED from TTSModeTest/app/AndroidManifest.xml
INJECTED from TTSModeTest/app/AndroidManifest.xml
MERGED from [androidx.appcompat:appcompat:1.0.2] AndroidManifest.xml:20:5-44
MERGED from [androidx.appcompat:appcompat:1.0.2] AndroidManifest.xml:20:5-44
MERGED from [androidx.constraintlayout:constraintlayout:1.1.3] AndroidManifest.xml:5:5-7:41
MERGED from [androidx.constraintlayout:constraintlayout:1.1.3] AndroidManifest.xml:5:5-7:41
MERGED from [androidx.fragment:fragment:1.0.0] AndroidManifest.xml:20:5-44
MERGED from [androidx.fragment:fragment:1.0.0] AndroidManifest.xml:20:5-44
MERGED from [androidx.vectordrawable:vectordrawable-animated:1.0.0] AndroidManifest.xml:20:5-44
MERGED from [androidx.vectordrawable:vectordrawable-animated:1.0.0] AndroidManifest.xml:20:5-44
MERGED from [androidx.legacy:legacy-support-core-ui:1.0.0] AndroidManifest.xml:20:5-44
MERGED from [androidx.legacy:legacy-support-core-ui:1.0.0] AndroidManifest.xml:20:5-44
MERGED from [androidx.legacy:legacy-support-core-utils:1.0.0] AndroidManifest.xml:20:5-44
MERGED from [androidx.legacy:legacy-support-core-utils:1.0.0] AndroidManifest.xml:20:5-44
MERGED from [androidx.vectordrawable:vectordrawable:1.0.1] AndroidManifest.xml:20:5-44
MERGED from [androidx.vectordrawable:vectordrawable:1.0.1] AndroidManifest.xml:20:5-44
MERGED from [androidx.loader:loader:1.0.0] AndroidManifest.xml:20:5-44
MERGED from [androidx.loader:loader:1.0.0] AndroidManifest.xml:20:5-44
MERGED from [androidx.viewpager:viewpager:1.0.0] AndroidManifest.xml:20:5-44
MERGED from [androidx.viewpager:viewpager:1.0.0] AndroidManifest.xml:20:5-44
MERGED from [androidx.coordinatorlayout:coordinatorlayout:1.0.0] AndroidManifest.xml:20:5-44
MERGED from [androidx.coordinatorlayout:coordinatorlayout:1.0.0] AndroidManifest.xml:20:5-44
MERGED from [androidx.drawerlayout:drawerlayout:1.0.0] AndroidManifest.xml:20:5-44
MERGED from [androidx.drawerlayout:drawerlayout:1.0.0] AndroidManifest.xml:20:5-44
MERGED from [androidx.slidingpanelayout:slidingpanelayout:1.0.0] AndroidManifest.xml:20:5-44
MERGED from [androidx.slidingpanelayout:slidingpanelayout:1.0.0] AndroidManifest.xml:20:5-44
MERGED from [androidx.customview:customview:1.0.0] AndroidManifest.xml:20:5-44
MERGED from [androidx.customview:customview:1.0.0] AndroidManifest.xml:20:5-44
MERGED from [androidx.swiperefreshlayout:swiperefreshlayout:1.0.0] AndroidManifest.xml:20:5-44
MERGED from [androidx.swiperefreshlayout:swiperefreshlayout:1.0.0] AndroidManifest.xml:20:5-44
MERGED from [androidx.asynclayoutinflater:asynclayoutinflater:1.0.0] AndroidManifest.xml:20:5-44
MERGED from [androidx.asynclayoutinflater:asynclayoutinflater:1.0.0] AndroidManifest.xml:20:5-44
MERGED from [androidx.core:core:1.0.1] AndroidManifest.xml:20:5-44
MERGED from [androidx.core:core:1.0.1] AndroidManifest.xml:20:5-44
MERGED from [androidx.versionedparcelable:versionedparcelable:1.0.0] AndroidManifest.xml:20:5-44
MERGED from [androidx.versionedparcelable:versionedparcelable:1.0.0] AndroidManifest.xml:20:5-44
MERGED from [androidx.cursoradapter:cursoradapter:1.0.0] AndroidManifest.xml:20:5-44
MERGED from [androidx.cursoradapter:cursoradapter:1.0.0] AndroidManifest.xml:20:5-44
MERGED from [androidx.lifecycle:lifecycle-runtime:2.0.0] AndroidManifest.xml:20:5-44
MERGED from [androidx.lifecycle:lifecycle-runtime:2.0.0] AndroidManifest.xml:20:5-44
MERGED from [androidx.documentfile:documentfile:1.0.0] AndroidManifest.xml:20:5-44
MERGED from [androidx.documentfile:documentfile:1.0.0] AndroidManifest.xml:20:5-44
MERGED from [androidx.localbroadcastmanager:localbroadcastmanager:1.0.0] AndroidManifest.xml:20:5-44
MERGED from [androidx.localbroadcastmanager:localbroadcastmanager:1.0.0] AndroidManifest.xml:20:5-44
MERGED from [androidx.print:print:1.0.0] AndroidManifest.xml:20:5-44
MERGED from [androidx.print:print:1.0.0] AndroidManifest.xml:20:5-44
MERGED from [androidx.lifecycle:lifecycle-viewmodel:2.0.0] AndroidManifest.xml:20:5-44
MERGED from [androidx.lifecycle:lifecycle-viewmodel:2.0.0] AndroidManifest.xml:20:5-44
MERGED from [androidx.lifecycle:lifecycle-livedata:2.0.0] AndroidManifest.xml:20:5-44
MERGED from [androidx.lifecycle:lifecycle-livedata:2.0.0] AndroidManifest.xml:20:5-44
MERGED from [androidx.lifecycle:lifecycle-livedata-core:2.0.0] AndroidManifest.xml:20:5-44
MERGED from [androidx.lifecycle:lifecycle-livedata-core:2.0.0] AndroidManifest.xml:20:5-44
MERGED from [androidx.arch.core:core-runtime:2.0.0] AndroidManifest.xml:20:5-44
MERGED from [androidx.arch.core:core-runtime:2.0.0] AndroidManifest.xml:20:5-44
MERGED from [androidx.interpolator:interpolator:1.0.0] AndroidManifest.xml:20:5-44
MERGED from [androidx.interpolator:interpolator:1.0.0] AndroidManifest.xml:20:5-44
INJECTED from TTSModeTest/app/AndroidManifest.xml
INJECTED from TTSModeTest/app/AndroidManifest.xml
	android:targetSdkVersion
		INJECTED from TTSModeTest/app/AndroidManifest.xml
		ADDED from TTSModeTest/app/AndroidManifest.xml
		INJECTED from TTSModeTest/app/AndroidManifest.xml
	android:minSdkVersion
		INJECTED from TTSModeTest/app/AndroidManifest.xml
		ADDED from TTSModeTest/app/AndroidManifest.xml
		INJECTED from TTSModeTest/app/AndroidManifest.xml